Determining if the pthread_create exist failed with the following output:
Change Dir: /home/michael/Documents/VSCode_Workspace/CSE180/CSE180_Workspace/build/CMakeFiles/CMakeTmp

Run Build Command:/usr/bin/make "cmTryCompileExec595639614/fast"
/usr/bin/make -f CMakeFiles/cmTryCompileExec595639614.dir/build.make CMakeFiles/cmTryCompileExec595639614.dir/build
make[1]: Entering directory `/home/michael/Documents/VSCode_Workspace/CSE180/CSE180_Workspace/build/CMakeFiles/CMakeTmp'
/usr/bin/cmake -E cmake_progress_report /home/michael/Documents/VSCode_Workspace/CSE180/CSE180_Workspace/build/CMakeFiles/CMakeTmp/CMakeFiles 1
Building C object CMakeFiles/cmTryCompileExec595639614.dir/CheckSymbolExists.c.o
/usr/bin/cc    -o CMakeFiles/cmTryCompileExec595639614.dir/CheckSymbolExists.c.o   -c /home/michael/Documents/VSCode_Workspace/CSE180/CSE180_Workspace/build/CMakeFiles/CMakeTmp/CheckSymbolExists.c
Linking C executable cmTryCompileExec595639614
/usr/bin/cmake -E cmake_link_script CMakeFiles/cmTryCompileExec595639614.dir/link.txt --verbose=1
/usr/bin/cc       CMakeFiles/cmTryCompileExec595639614.dir/CheckSymbolExists.c.o  -o cmTryCompileExec595639614 -rdynamic 
CMakeFiles/cmTryCompileExec595639614.dir/CheckSymbolExists.c.o: In function `main':
CheckSymbolExists.c:(.text+0x16): undefined reference to `pthread_create'
collect2: error: ld returned 1 exit status
make[1]: *** [cmTryCompileExec595639614] Error 1
make[1]: Leaving directory `/home/michael/Documents/VSCode_Workspace/CSE180/CSE180_Workspace/build/CMakeFiles/CMakeTmp'
make: *** [cmTryCompileExec595639614/fast] Error 2

File /home/michael/Documents/VSCode_Workspace/CSE180/CSE180_Workspace/build/CMakeFiles/CMakeTmp/CheckSymbolExists.c:
/* */
#include <pthread.h>

int main(int argc, char** argv)
{
  (void)argv;
#ifndef pthread_create
  return ((int*)(&pthread_create))[argc];
#else
  (void)argc;
  return 0;
#endif
}

Determining if the function pthread_create exists in the pthreads failed with the following output:
Change Dir: /home/michael/Documents/VSCode_Workspace/CSE180/CSE180_Workspace/build/CMakeFiles/CMakeTmp

Run Build Command:/usr/bin/make "cmTryCompileExec2476034217/fast"
/usr/bin/make -f CMakeFiles/cmTryCompileExec2476034217.dir/build.make CMakeFiles/cmTryCompileExec2476034217.dir/build
make[1]: Entering directory `/home/michael/Documents/VSCode_Workspace/CSE180/CSE180_Workspace/build/CMakeFiles/CMakeTmp'
/usr/bin/cmake -E cmake_progress_report /home/michael/Documents/VSCode_Workspace/CSE180/CSE180_Workspace/build/CMakeFiles/CMakeTmp/CMakeFiles 1
Building C object CMakeFiles/cmTryCompileExec2476034217.dir/CheckFunctionExists.c.o
/usr/bin/cc   -DCHECK_FUNCTION_EXISTS=pthread_create   -o CMakeFiles/cmTryCompileExec2476034217.dir/CheckFunctionExists.c.o   -c /usr/share/cmake-2.8/Modules/CheckFunctionExists.c
Linking C executable cmTryCompileExec2476034217
/usr/bin/cmake -E cmake_link_script CMakeFiles/cmTryCompileExec2476034217.dir/link.txt --verbose=1
/usr/bin/cc   -DCHECK_FUNCTION_EXISTS=pthread_create    CMakeFiles/cmTryCompileExec2476034217.dir/CheckFunctionExists.c.o  -o cmTryCompileExec2476034217 -rdynamic -lpthreads 
/usr/bin/ld: cannot find -lpthreads
collect2: error: ld returned 1 exit status
make[1]: *** [cmTryCompileExec2476034217] Error 1
make[1]: Leaving directory `/home/michael/Documents/VSCode_Workspace/CSE180/CSE180_Workspace/build/CMakeFiles/CMakeTmp'
make: *** [cmTryCompileExec2476034217/fast] Error 2


